<?xml version="1.0" encoding="UTF-8"?><testsuite errors="1" failures="0" name="Gestión de Garantías" skipped="0" tests="1" time="30.07" timestamp="2026-06-22 02:02:19"><testcase name="Registrar una nueva garantía exitosamente"><error message="invalid session id: session deleted as the browser has closed the connection&#10;from disconnected: unable to send message to renderer&#10;  (Session info: chrome=149.0.7827.156)&#10;Build info: version: '3.141.59', revision: 'e82be7d358', time: '2018-11-14T08:17:03'&#10;System info: host: 'JUANES', ip: '192.168.80.19', os.name: 'Windows 11', os.arch: 'amd64', os.version: '10.0', java.version: '1.8.0_482'&#10;Driver info: org.openqa.selenium.chrome.ChromeDriver&#10;Capabilities {acceptInsecureCerts: false, browserName: chrome, browserVersion: 149.0.7827.156, chrome: {chromedriverVersion: 149.0.7827.0 (1a5925bc39cef..., userDataDir: C:\Users\Juan\AppData\Local...}, fedcm:accounts: true, goog:chromeOptions: {debuggerAddress: localhost:64337}, goog:processID: 16616, javascriptEnabled: true, networkConnectionEnabled: false, pageLoadStrategy: normal, platform: WINDOWS, platformName: WINDOWS, proxy: Proxy(), setWindowRect: true, strictFileInteractability: false, timeouts: {implicit: 0, pageLoad: 300000, script: 30000}, unhandledPromptBehavior: ignore, webauthn:extension:credBlob: true, webauthn:extension:largeBlob: true, webauthn:extension:minPinLength: true, webauthn:extension:prf: true, webauthn:virtualAuthenticators: true}&#10;Session ID: 5d8abf48012429720a29c009192129a6&#10;*** Element info: {Using=id, value=confirm-title}" type="java.lang.AssertionError">invalid session id: session deleted as the browser has closed the connection
from disconnected: unable to send message to renderer
  (Session info: chrome=149.0.7827.156)
Build info: version: '3.141.59', revision: 'e82be7d358', time: '2018-11-14T08:17:03'
System info: host: 'JUANES', ip: '192.168.80.19', os.name: 'Windows 11', os.arch: 'amd64', os.version: '10.0', java.version: '1.8.0_482'
Driver info: org.openqa.selenium.chrome.ChromeDriver
Capabilities {acceptInsecureCerts: false, browserName: chrome, browserVersion: 149.0.7827.156, chrome: {chromedriverVersion: 149.0.7827.0 (1a5925bc39cef..., userDataDir: C:\Users\Juan\AppData\Local...}, fedcm:accounts: true, goog:chromeOptions: {debuggerAddress: localhost:64337}, goog:processID: 16616, javascriptEnabled: true, networkConnectionEnabled: false, pageLoadStrategy: normal, platform: WINDOWS, platformName: WINDOWS, proxy: Proxy(), setWindowRect: true, strictFileInteractability: false, timeouts: {implicit: 0, pageLoad: 300000, script: 30000}, unhandledPromptBehavior: ignore, webauthn:extension:credBlob: true, webauthn:extension:largeBlob: true, webauthn:extension:minPinLength: true, webauthn:extension:prf: true, webauthn:virtualAuthenticators: true}
Session ID: 5d8abf48012429720a29c009192129a6
*** Element info: {Using=id, value=confirm-title}</error><system-err>invalid session id: session deleted as the browser has closed the connection
from disconnected: unable to send message to renderer
  (Session info: chrome=149.0.7827.156)
Build info: version: '3.141.59', revision: 'e82be7d358', time: '2018-11-14T08:17:03'
System info: host: 'JUANES', ip: '192.168.80.19', os.name: 'Windows 11', os.arch: 'amd64', os.version: '10.0', java.version: '1.8.0_482'
Driver info: org.openqa.selenium.chrome.ChromeDriver
Capabilities {acceptInsecureCerts: false, browserName: chrome, browserVersion: 149.0.7827.156, chrome: {chromedriverVersion: 149.0.7827.0 (1a5925bc39cef..., userDataDir: C:\Users\Juan\AppData\Local...}, fedcm:accounts: true, goog:chromeOptions: {debuggerAddress: localhost:64337}, goog:processID: 16616, javascriptEnabled: true, networkConnectionEnabled: false, pageLoadStrategy: normal, platform: WINDOWS, platformName: WINDOWS, proxy: Proxy(), setWindowRect: true, strictFileInteractability: false, timeouts: {implicit: 0, pageLoad: 300000, script: 30000}, unhandledPromptBehavior: ignore, webauthn:extension:credBlob: true, webauthn:extension:largeBlob: true, webauthn:extension:minPinLength: true, webauthn:extension:prf: true, webauthn:virtualAuthenticators: true}
Session ID: 5d8abf48012429720a29c009192129a6
*** Element info: {Using=id, value=confirm-title}&#13;
org.example.questions.ValidacionGarantiaCreada.answeredBy(ValidacionGarantiaCreada.java:26)&#13;
org.example.questions.ValidacionGarantiaCreada.answeredBy(ValidacionGarantiaCreada.java:14)&#13;
co.com.test.stepsdefinitions.crearGarantiaStepsDefinitions.elSistemaDebeMostrarElMensajeGarantiaRegistradaConÉxito(crearGarantiaStepsDefinitions.java:27)&#13;
cucumber.runner.Runner.runPickle(Runner.java:80)&#13;
worker.org.gradle.process.internal.worker.GradleWorkerMain.run(GradleWorkerMain.java:69)&#13;
worker.org.gradle.process.internal.worker.GradleWorkerMain.main(GradleWorkerMain.java:74)&#13;
</system-err></testcase></testsuite>